<?xml version="1.0" encoding="UTF-8"?>
<testng-results skipped="0" failed="0" ignored="0" total="4" passed="4">
  <reporter-output>
  </reporter-output>
  <suite name="Default suite" duration-ms="49407" started-at="2018-08-30T07:14:58Z" finished-at="2018-08-30T07:15:47Z">
    <groups>
    </groups>
    <test name="Default test" duration-ms="49407" started-at="2018-08-30T07:14:58Z" finished-at="2018-08-30T07:15:47Z">
      <class name="GroupIdP1.ArtifactIdP1.testNgsimple5_DataProvider_Excel">
        <test-method status="PASS" signature="openBrowser()[pri:0, instance:GroupIdP1.ArtifactIdP1.testNgsimple5_DataProvider_Excel@11438d26]" name="openBrowser" is-config="true" duration-ms="22626" started-at="2018-08-30T07:14:58Z" finished-at="2018-08-30T07:15:21Z">
          <reporter-output>
          </reporter-output>
        </test-method> <!-- openBrowser -->
        <test-method status="PASS" signature="Login(java.lang.String, java.lang.String)[pri:0, instance:GroupIdP1.ArtifactIdP1.testNgsimple5_DataProvider_Excel@11438d26]" name="Login" duration-ms="8287" started-at="2018-08-30T07:15:21Z" data-provider="Paramters" finished-at="2018-08-30T07:15:30Z">
          <params>
            <param index="0">
              <value>
                <![CDATA[jayant]]>
              </value>
            </param>
            <param index="1">
              <value>
                <![CDATA[jayant]]>
              </value>
            </param>
          </params>
          <reporter-output>
          </reporter-output>
        </test-method> <!-- Login -->
        <test-method status="PASS" signature="Login(java.lang.String, java.lang.String)[pri:0, instance:GroupIdP1.ArtifactIdP1.testNgsimple5_DataProvider_Excel@11438d26]" name="Login" duration-ms="6750" started-at="2018-08-30T07:15:30Z" data-provider="Paramters" finished-at="2018-08-30T07:15:37Z">
          <params>
            <param index="0">
              <value>
                <![CDATA[qatraining]]>
              </value>
            </param>
            <param index="1">
              <value>
                <![CDATA[qatraining]]>
              </value>
            </param>
          </params>
          <reporter-output>
          </reporter-output>
        </test-method> <!-- Login -->
        <test-method status="PASS" signature="Login(java.lang.String, java.lang.String)[pri:0, instance:GroupIdP1.ArtifactIdP1.testNgsimple5_DataProvider_Excel@11438d26]" name="Login" duration-ms="6694" started-at="2018-08-30T07:15:37Z" data-provider="Paramters" finished-at="2018-08-30T07:15:43Z">
          <params>
            <param index="0">
              <value>
                <![CDATA[raji]]>
              </value>
            </param>
            <param index="1">
              <value>
                <![CDATA[raji]]>
              </value>
            </param>
          </params>
          <reporter-output>
          </reporter-output>
        </test-method> <!-- Login -->
        <test-method status="PASS" signature="logout()[pri:0, instance:GroupIdP1.ArtifactIdP1.testNgsimple5_DataProvider_Excel@11438d26]" name="logout" duration-ms="1834" started-at="2018-08-30T07:15:43Z" depends-on-methods="GroupIdP1.ArtifactIdP1.testNgsimple5_DataProvider_Excel.Login" finished-at="2018-08-30T07:15:45Z">
          <reporter-output>
          </reporter-output>
        </test-method> <!-- logout -->
        <test-method status="PASS" signature="closeBrower()[pri:0, instance:GroupIdP1.ArtifactIdP1.testNgsimple5_DataProvider_Excel@11438d26]" name="closeBrower" is-config="true" duration-ms="2390" started-at="2018-08-30T07:15:45Z" finished-at="2018-08-30T07:15:47Z">
          <reporter-output>
          </reporter-output>
        </test-method> <!-- closeBrower -->
      </class> <!-- GroupIdP1.ArtifactIdP1.testNgsimple5_DataProvider_Excel -->
    </test> <!-- Default test -->
  </suite> <!-- Default suite -->
</testng-results>
